<?xml version="1.0" encoding="UTF-8"?>
<testng-results ignored="0" total="1" passed="1" failed="0" skipped="0">
  <reporter-output>
  </reporter-output>
  <suite started-at="2024-01-09T13:33:03 IST" name="Default suite" finished-at="2024-01-09T13:33:11 IST" duration-ms="7260">
    <groups>
    </groups>
    <test started-at="2024-01-09T13:33:03 IST" name="Default test" finished-at="2024-01-09T13:33:11 IST" duration-ms="7260">
      <class name="Test.VerifyItemInCart_Test">
        <test-method is-config="true" signature="beforeSuite()[pri:0, instance:Test.VerifyItemInCart_Test@5fdcaa40]" started-at="2024-01-09T13:32:55 IST" name="beforeSuite" finished-at="2024-01-09T13:33:03 IST" duration-ms="8583" status="PASS">
          <reporter-output>
          </reporter-output>
        </test-method> <!-- beforeSuite -->
        <test-method signature="verifyItem()[pri:3, instance:Test.VerifyItemInCart_Test@5fdcaa40]" started-at="2024-01-09T13:33:03 IST" name="verifyItem" finished-at="2024-01-09T13:33:11 IST" duration-ms="7234" status="PASS">
          <reporter-output>
          </reporter-output>
        </test-method> <!-- verifyItem -->
      </class> <!-- Test.VerifyItemInCart_Test -->
    </test> <!-- Default test -->
  </suite> <!-- Default suite -->
</testng-results>
